2021-08-03 23:03:51.067  INFO 3932 --- [main] c.s.s.ScooterRentalApplication           : Starting ScooterRentalApplication using Java 15.0.2 on WIN-82HLDB8US1J with PID 3932 (C:\Users\User\IdeaProjects\scooter_rental\build\libs\scooter_rental-1.0.0-SNAPSHOT.jar started by User in C:\Users\User\IdeaProjects\scooter_rental)
2021-08-03 23:03:51.122  INFO 3932 --- [main] c.s.s.ScooterRentalApplication           : No active profile set, falling back to default profiles: default
2021-08-03 23:03:53.172  INFO 3932 --- [main] .s.d.r.c.RepositoryConfigurationDelegate : Bootstrapping Spring Data JPA repositories in DEFAULT mode.
2021-08-03 23:03:53.418  INFO 3932 --- [main] .s.d.r.c.RepositoryConfigurationDelegate : Finished Spring Data repository scanning in 231 ms. Found 7 JPA repository interfaces.
2021-08-03 23:03:54.200  INFO 3932 --- [main] trationDelegate$BeanPostProcessorChecker : Bean 'org.springframework.security.access.expression.method.DefaultMethodSecurityExpressionHandler@2807bdeb' of type [org.springframework.security.access.expression.method.DefaultMethodSecurityExpressionHandler] is not eligible for getting processed by all BeanPostProcessors (for example: not eligible for auto-proxying)
2021-08-03 23:03:54.207  INFO 3932 --- [main] trationDelegate$BeanPostProcessorChecker : Bean 'methodSecurityMetadataSource' of type [org.springframework.security.access.method.DelegatingMethodSecurityMetadataSource] is not eligible for getting processed by all BeanPostProcessors (for example: not eligible for auto-proxying)
2021-08-03 23:03:54.799  INFO 3932 --- [main] o.s.b.w.embedded.tomcat.TomcatWebServer  : Tomcat initialized with port(s): 8080 (http)
2021-08-03 23:03:54.815  INFO 3932 --- [main] o.apache.catalina.core.StandardService   : Starting service [Tomcat]
2021-08-03 23:03:54.816  INFO 3932 --- [main] org.apache.catalina.core.StandardEngine  : Starting Servlet engine: [Apache Tomcat/9.0.48]
2021-08-03 23:03:54.923  INFO 3932 --- [main] o.a.c.c.C.[Tomcat].[localhost].[/]       : Initializing Spring embedded WebApplicationContext
2021-08-03 23:03:54.923  INFO 3932 --- [main] w.s.c.ServletWebServerApplicationContext : Root WebApplicationContext: initialization completed in 3625 ms
2021-08-03 23:03:55.173  INFO 3932 --- [main] com.zaxxer.hikari.HikariDataSource       : HikariPool-1 - Starting...
2021-08-03 23:03:55.440  INFO 3932 --- [main] com.zaxxer.hikari.HikariDataSource       : HikariPool-1 - Start completed.
2021-08-03 23:03:55.559  INFO 3932 --- [main] o.hibernate.jpa.internal.util.LogHelper  : HHH000204: Processing PersistenceUnitInfo [name: default]
2021-08-03 23:03:55.706  INFO 3932 --- [main] org.hibernate.Version                    : HHH000412: Hibernate ORM core version 5.4.32.Final
2021-08-03 23:03:56.016  INFO 3932 --- [main] o.h.spatial.integration.SpatialService   : HHH80000001: hibernate-spatial integration enabled : true
2021-08-03 23:03:56.071  INFO 3932 --- [main] o.hibernate.annotations.common.Version   : HCANN000001: Hibernate Commons Annotations {5.1.2.Final}
2021-08-03 23:03:56.277  INFO 3932 --- [main] org.hibernate.dialect.Dialect            : HHH000400: Using dialect: org.hibernate.spatial.dialect.postgis.PostgisPG9Dialect
2021-08-03 23:03:57.474  INFO 3932 --- [main] o.h.e.t.j.p.i.JtaPlatformInitiator       : HHH000490: Using JtaPlatform implementation: [org.hibernate.engine.transaction.jta.platform.internal.NoJtaPlatform]
2021-08-03 23:03:57.486  INFO 3932 --- [main] j.LocalContainerEntityManagerFactoryBean : Initialized JPA EntityManagerFactory for persistence unit 'default'
2021-08-03 23:03:58.355  WARN 3932 --- [main] JpaBaseConfiguration$JpaWebConfiguration : spring.jpa.open-in-view is enabled by default. Therefore, database queries may be performed during view rendering. Explicitly configure spring.jpa.open-in-view to disable this warning
2021-08-03 23:03:59.123  INFO 3932 --- [main] o.s.s.web.DefaultSecurityFilterChain     : Will secure any request with [org.springframework.security.web.context.request.async.WebAsyncManagerIntegrationFilter@6b9fdbc6, org.springframework.security.web.context.SecurityContextPersistenceFilter@66383c29, org.springframework.security.web.header.HeaderWriterFilter@38291795, org.springframework.security.web.authentication.logout.LogoutFilter@180b3819, com.scooterrental.scooter_rental.security.jwt.JwtTokenFilter@79476a4e, org.springframework.security.web.savedrequest.RequestCacheAwareFilter@5d152bcd, org.springframework.security.web.servletapi.SecurityContextHolderAwareRequestFilter@7944b8b4, org.springframework.security.web.authentication.AnonymousAuthenticationFilter@52ae997b, org.springframework.security.web.session.SessionManagementFilter@3f63a513, org.springframework.security.web.access.ExceptionTranslationFilter@77429040, org.springframework.security.web.access.intercept.FilterSecurityInterceptor@423a0e1d]
2021-08-03 23:04:00.056  INFO 3932 --- [main] o.s.b.w.embedded.tomcat.TomcatWebServer  : Tomcat started on port(s): 8080 (http) with context path ''
2021-08-03 23:04:00.082  INFO 3932 --- [main] c.s.s.ScooterRentalApplication           : Started ScooterRentalApplication in 9.896 seconds (JVM running for 10.761)
2021-08-03 23:04:09.712  INFO 3932 --- [http-nio-8080-exec-2] o.a.c.c.C.[Tomcat].[localhost].[/]       : Initializing Spring DispatcherServlet 'dispatcherServlet'
2021-08-03 23:04:09.712  INFO 3932 --- [http-nio-8080-exec-2] o.s.web.servlet.DispatcherServlet        : Initializing Servlet 'dispatcherServlet'
2021-08-03 23:04:09.715  INFO 3932 --- [http-nio-8080-exec-2] o.s.web.servlet.DispatcherServlet        : Completed initialization in 1 ms
2021-08-03 23:04:10.155  INFO 3932 --- [http-nio-8080-exec-2] c.s.s.security.service.UserServiceImpl   : IN findByUsername - user: User{id=1, username='ItMaker', firstName='Vadim', lastName='Pysko', email='25mugl@gmail.com', password='$2y$10$fRMCYBluuJPicfwR6N5b9.qJF7L9RwntmI8orrcqWtLlkOn3HOxWm', created=2021-08-01 22:25:08.906057, updated=2021-08-01 22:25:08.906057, status=ACTIVE, roles=[com.scooterrental.scooter_rental.security.model.Role@136dad9f, com.scooterrental.scooter_rental.security.model.Role@741d6208]} links: [] found by username: ItMaker
2021-08-03 23:04:10.176  INFO 3932 --- [http-nio-8080-exec-2] c.s.s.s.jwt.JwtUserDetailsService        : IN loadUserByUsername - user with username: ItMaker successfully loaded
2021-08-03 23:04:10.265  INFO 3932 --- [http-nio-8080-exec-2] c.s.s.security.service.UserServiceImpl   : IN findByUsername - user: User{id=1, username='ItMaker', firstName='Vadim', lastName='Pysko', email='25mugl@gmail.com', password='$2y$10$fRMCYBluuJPicfwR6N5b9.qJF7L9RwntmI8orrcqWtLlkOn3HOxWm', created=2021-08-01 22:25:08.906057, updated=2021-08-01 22:25:08.906057, status=ACTIVE, roles=[com.scooterrental.scooter_rental.security.model.Role@136dad9f, com.scooterrental.scooter_rental.security.model.Role@741d6208]} links: [] found by username: ItMaker
2021-08-03 23:04:34.857  INFO 20856 --- [main] c.s.s.ScooterRentalApplication           : Starting ScooterRentalApplication using Java 15.0.2 on WIN-82HLDB8US1J with PID 20856 (C:\Users\User\IdeaProjects\scooter_rental\build\libs\scooter_rental-1.0.0-SNAPSHOT.jar started by User in C:\Users\User\IdeaProjects\scooter_rental)
2021-08-03 23:04:34.862  INFO 20856 --- [main] c.s.s.ScooterRentalApplication           : No active profile set, falling back to default profiles: default
2021-08-03 23:04:36.897  INFO 20856 --- [main] .s.d.r.c.RepositoryConfigurationDelegate : Bootstrapping Spring Data JPA repositories in DEFAULT mode.
2021-08-03 23:04:37.151  INFO 20856 --- [main] .s.d.r.c.RepositoryConfigurationDelegate : Finished Spring Data repository scanning in 239 ms. Found 7 JPA repository interfaces.
2021-08-03 23:04:37.958  INFO 20856 --- [main] trationDelegate$BeanPostProcessorChecker : Bean 'org.springframework.security.access.expression.method.DefaultMethodSecurityExpressionHandler@6b3e12b5' of type [org.springframework.security.access.expression.method.DefaultMethodSecurityExpressionHandler] is not eligible for getting processed by all BeanPostProcessors (for example: not eligible for auto-proxying)
2021-08-03 23:04:37.963  INFO 20856 --- [main] trationDelegate$BeanPostProcessorChecker : Bean 'methodSecurityMetadataSource' of type [org.springframework.security.access.method.DelegatingMethodSecurityMetadataSource] is not eligible for getting processed by all BeanPostProcessors (for example: not eligible for auto-proxying)
2021-08-03 23:04:38.639  INFO 20856 --- [main] o.s.b.w.embedded.tomcat.TomcatWebServer  : Tomcat initialized with port(s): 8080 (http)
2021-08-03 23:04:38.659  INFO 20856 --- [main] o.apache.catalina.core.StandardService   : Starting service [Tomcat]
2021-08-03 23:04:38.660  INFO 20856 --- [main] org.apache.catalina.core.StandardEngine  : Starting Servlet engine: [Apache Tomcat/9.0.48]
2021-08-03 23:04:38.766  INFO 20856 --- [main] o.a.c.c.C.[Tomcat].[localhost].[/]       : Initializing Spring embedded WebApplicationContext
2021-08-03 23:04:38.767  INFO 20856 --- [main] w.s.c.ServletWebServerApplicationContext : Root WebApplicationContext: initialization completed in 3763 ms
2021-08-03 23:04:39.028  INFO 20856 --- [main] com.zaxxer.hikari.HikariDataSource       : HikariPool-1 - Starting...
2021-08-03 23:04:39.297  INFO 20856 --- [main] com.zaxxer.hikari.HikariDataSource       : HikariPool-1 - Start completed.
2021-08-03 23:04:39.406  INFO 20856 --- [main] o.hibernate.jpa.internal.util.LogHelper  : HHH000204: Processing PersistenceUnitInfo [name: default]
2021-08-03 23:04:39.576  INFO 20856 --- [main] org.hibernate.Version                    : HHH000412: Hibernate ORM core version 5.4.32.Final
2021-08-03 23:04:39.824  INFO 20856 --- [main] o.h.spatial.integration.SpatialService   : HHH80000001: hibernate-spatial integration enabled : true
2021-08-03 23:04:39.878  INFO 20856 --- [main] o.hibernate.annotations.common.Version   : HCANN000001: Hibernate Commons Annotations {5.1.2.Final}
2021-08-03 23:04:40.071  INFO 20856 --- [main] org.hibernate.dialect.Dialect            : HHH000400: Using dialect: org.hibernate.spatial.dialect.postgis.PostgisPG9Dialect
